###############################################################################
#
# SCU_cycle_increment.log
#
# Logs updates to the SCU cycle number - one line per new cycle.
#
# $LOCATION ${SCU_HOME}/log
#
# $REQUIRES {none}
#
# $RETURNS {none}
#
# $COMPONENT_NAME MLU.SCU.SCU_cycle_increment.log
# $VERSION_NUMBER 0.5.1
# $VERSION_DATE 2018-03-11_23:55:00
#
###############################################################################

1 2018-05-05_18:28:55
2 2018-05-05_18:28:57
3 2018-05-05_18:28:57
4 2018-05-05_18:34:27
5 2018-05-05_18:34:30
6 2018-05-06_17:32:29
7 2018-05-06_19:46:29
8 2018-05-06_19:46:32
9 2018-05-06_21:04:57
10 2018-05-06_21:48:20
11 2018-05-06_21:48:25
